{
  "/Users/raghammer/Desktop/COMP3900/capstone-project-3900f18ahexahunks/frontend/src/components/CustomPrimaryButton.js": {
    "path": "/Users/raghammer/Desktop/COMP3900/capstone-project-3900f18ahexahunks/frontend/src/components/CustomPrimaryButton.js",
    "statementMap": {
      "0": {
        "start": {
          "line": 6,
          "column": 28
        },
        "end": {
          "line": 40,
          "column": 1
        }
      },
      "1": {
        "start": {
          "line": 14,
          "column": 2
        },
        "end": {
          "line": 39,
          "column": 4
        }
      }
    },
    "fnMap": {
      "0": {
        "name": "(anonymous_0)",
        "decl": {
          "start": {
            "line": 6,
            "column": 28
          },
          "end": {
            "line": 6,
            "column": 29
          }
        },
        "loc": {
          "start": {
            "line": 13,
            "column": 6
          },
          "end": {
            "line": 40,
            "column": 1
          }
        },
        "line": 13
      }
    },
    "branchMap": {
      "0": {
        "loc": {
          "start": {
            "line": 19,
            "column": 18
          },
          "end": {
            "line": 19,
            "column": 58
          }
        },
        "type": "cond-expr",
        "locations": [
          {
            "start": {
              "line": 19,
              "column": 43
            },
            "end": {
              "line": 19,
              "column": 49
            }
          },
          {
            "start": {
              "line": 19,
              "column": 52
            },
            "end": {
              "line": 19,
              "column": 58
            }
          }
        ],
        "line": 19
      },
      "1": {
        "loc": {
          "start": {
            "line": 32,
            "column": 13
          },
          "end": {
            "line": 32,
            "column": 34
          }
        },
        "type": "binary-expr",
        "locations": [
          {
            "start": {
              "line": 32,
              "column": 13
            },
            "end": {
              "line": 32,
              "column": 28
            }
          },
          {
            "start": {
              "line": 32,
              "column": 32
            },
            "end": {
              "line": 32,
              "column": 34
            }
          }
        ],
        "line": 32
      },
      "2": {
        "loc": {
          "start": {
            "line": 35,
            "column": 19
          },
          "end": {
            "line": 35,
            "column": 35
          }
        },
        "type": "binary-expr",
        "locations": [
          {
            "start": {
              "line": 35,
              "column": 19
            },
            "end": {
              "line": 35,
              "column": 29
            }
          },
          {
            "start": {
              "line": 35,
              "column": 33
            },
            "end": {
              "line": 35,
              "column": 35
            }
          }
        ],
        "line": 35
      }
    },
    "s": {
      "0": 4,
      "1": 20
    },
    "f": {
      "0": 20
    },
    "b": {
      "0": [
        4,
        16
      ],
      "1": [
        20,
        0
      ],
      "2": [
        20,
        20
      ]
    },
    "_coverageSchema": "1a1c01bbd47fc00a2c39e90264f33305004495a9",
    "hash": "64b6ad328938c20278908358efad8bf8d0d7b406"
  },
  "/Users/raghammer/Desktop/COMP3900/capstone-project-3900f18ahexahunks/frontend/src/HomePage/Navbar/Navbar.js": {
    "path": "/Users/raghammer/Desktop/COMP3900/capstone-project-3900f18ahexahunks/frontend/src/HomePage/Navbar/Navbar.js",
    "statementMap": {
      "0": {
        "start": {
          "line": 6,
          "column": 18
        },
        "end": {
          "line": 10,
          "column": 2
        }
      },
      "1": {
        "start": {
          "line": 12,
          "column": 15
        },
        "end": {
          "line": 78,
          "column": 1
        }
      },
      "2": {
        "start": {
          "line": 13,
          "column": 14
        },
        "end": {
          "line": 13,
          "column": 27
        }
      },
      "3": {
        "start": {
          "line": 15,
          "column": 23
        },
        "end": {
          "line": 17,
          "column": 3
        }
      },
      "4": {
        "start": {
          "line": 16,
          "column": 4
        },
        "end": {
          "line": 16,
          "column": 21
        }
      },
      "5": {
        "start": {
          "line": 19,
          "column": 20
        },
        "end": {
          "line": 21,
          "column": 3
        }
      },
      "6": {
        "start": {
          "line": 20,
          "column": 4
        },
        "end": {
          "line": 20,
          "column": 18
        }
      },
      "7": {
        "start": {
          "line": 23,
          "column": 2
        },
        "end": {
          "line": 77,
          "column": 4
        }
      }
    },
    "fnMap": {
      "0": {
        "name": "(anonymous_0)",
        "decl": {
          "start": {
            "line": 12,
            "column": 15
          },
          "end": {
            "line": 12,
            "column": 16
          }
        },
        "loc": {
          "start": {
            "line": 12,
            "column": 21
          },
          "end": {
            "line": 78,
            "column": 1
          }
        },
        "line": 12
      },
      "1": {
        "name": "(anonymous_1)",
        "decl": {
          "start": {
            "line": 15,
            "column": 23
          },
          "end": {
            "line": 15,
            "column": 24
          }
        },
        "loc": {
          "start": {
            "line": 15,
            "column": 29
          },
          "end": {
            "line": 17,
            "column": 3
          }
        },
        "line": 15
      },
      "2": {
        "name": "(anonymous_2)",
        "decl": {
          "start": {
            "line": 19,
            "column": 20
          },
          "end": {
            "line": 19,
            "column": 21
          }
        },
        "loc": {
          "start": {
            "line": 19,
            "column": 26
          },
          "end": {
            "line": 21,
            "column": 3
          }
        },
        "line": 19
      }
    },
    "branchMap": {},
    "s": {
      "0": 4,
      "1": 4,
      "2": 4,
      "3": 4,
      "4": 0,
      "5": 4,
      "6": 0,
      "7": 4
    },
    "f": {
      "0": 4,
      "1": 0,
      "2": 0
    },
    "b": {},
    "_coverageSchema": "1a1c01bbd47fc00a2c39e90264f33305004495a9",
    "hash": "0782d78ad41bc1a42e7d3f23ce0c1f3df2ae63ee"
  },
  "/Users/raghammer/Desktop/COMP3900/capstone-project-3900f18ahexahunks/frontend/src/HomePage/Hero/Hero.js": {
    "path": "/Users/raghammer/Desktop/COMP3900/capstone-project-3900f18ahexahunks/frontend/src/HomePage/Hero/Hero.js",
    "statementMap": {
      "0": {
        "start": {
          "line": 6,
          "column": 18
        },
        "end": {
          "line": 11,
          "column": 2
        }
      },
      "1": {
        "start": {
          "line": 13,
          "column": 16
        },
        "end": {
          "line": 19,
          "column": 2
        }
      },
      "2": {
        "start": {
          "line": 21,
          "column": 14
        },
        "end": {
          "line": 23,
          "column": 2
        }
      },
      "3": {
        "start": {
          "line": 25,
          "column": 13
        },
        "end": {
          "line": 71,
          "column": 1
        }
      },
      "4": {
        "start": {
          "line": 26,
          "column": 14
        },
        "end": {
          "line": 26,
          "column": 27
        }
      },
      "5": {
        "start": {
          "line": 28,
          "column": 23
        },
        "end": {
          "line": 30,
          "column": 3
        }
      },
      "6": {
        "start": {
          "line": 29,
          "column": 4
        },
        "end": {
          "line": 29,
          "column": 21
        }
      },
      "7": {
        "start": {
          "line": 32,
          "column": 2
        },
        "end": {
          "line": 70,
          "column": 4
        }
      }
    },
    "fnMap": {
      "0": {
        "name": "(anonymous_0)",
        "decl": {
          "start": {
            "line": 25,
            "column": 13
          },
          "end": {
            "line": 25,
            "column": 14
          }
        },
        "loc": {
          "start": {
            "line": 25,
            "column": 19
          },
          "end": {
            "line": 71,
            "column": 1
          }
        },
        "line": 25
      },
      "1": {
        "name": "(anonymous_1)",
        "decl": {
          "start": {
            "line": 28,
            "column": 23
          },
          "end": {
            "line": 28,
            "column": 24
          }
        },
        "loc": {
          "start": {
            "line": 28,
            "column": 29
          },
          "end": {
            "line": 30,
            "column": 3
          }
        },
        "line": 28
      }
    },
    "branchMap": {},
    "s": {
      "0": 4,
      "1": 4,
      "2": 4,
      "3": 4,
      "4": 4,
      "5": 4,
      "6": 0,
      "7": 4
    },
    "f": {
      "0": 4,
      "1": 0
    },
    "b": {},
    "_coverageSchema": "1a1c01bbd47fc00a2c39e90264f33305004495a9",
    "hash": "26541c6a1b4ed849a73d6699391d1da51687451b"
  },
  "/Users/raghammer/Desktop/COMP3900/capstone-project-3900f18ahexahunks/frontend/src/HomePage/FeatureInfo/FeatureCard.js": {
    "path": "/Users/raghammer/Desktop/COMP3900/capstone-project-3900f18ahexahunks/frontend/src/HomePage/FeatureInfo/FeatureCard.js",
    "statementMap": {
      "0": {
        "start": {
          "line": 5,
          "column": 20
        },
        "end": {
          "line": 88,
          "column": 1
        }
      },
      "1": {
        "start": {
          "line": 6,
          "column": 14
        },
        "end": {
          "line": 6,
          "column": 27
        }
      },
      "2": {
        "start": {
          "line": 8,
          "column": 19
        },
        "end": {
          "line": 16,
          "column": 3
        }
      },
      "3": {
        "start": {
          "line": 9,
          "column": 18
        },
        "end": {
          "line": 9,
          "column": 38
        }
      },
      "4": {
        "start": {
          "line": 11,
          "column": 4
        },
        "end": {
          "line": 15,
          "column": 5
        }
      },
      "5": {
        "start": {
          "line": 12,
          "column": 6
        },
        "end": {
          "line": 12,
          "column": 24
        }
      },
      "6": {
        "start": {
          "line": 14,
          "column": 6
        },
        "end": {
          "line": 14,
          "column": 23
        }
      },
      "7": {
        "start": {
          "line": 18,
          "column": 2
        },
        "end": {
          "line": 87,
          "column": 4
        }
      }
    },
    "fnMap": {
      "0": {
        "name": "(anonymous_0)",
        "decl": {
          "start": {
            "line": 5,
            "column": 20
          },
          "end": {
            "line": 5,
            "column": 21
          }
        },
        "loc": {
          "start": {
            "line": 5,
            "column": 49
          },
          "end": {
            "line": 88,
            "column": 1
          }
        },
        "line": 5
      },
      "1": {
        "name": "(anonymous_1)",
        "decl": {
          "start": {
            "line": 8,
            "column": 19
          },
          "end": {
            "line": 8,
            "column": 20
          }
        },
        "loc": {
          "start": {
            "line": 8,
            "column": 25
          },
          "end": {
            "line": 16,
            "column": 3
          }
        },
        "line": 8
      }
    },
    "branchMap": {
      "0": {
        "loc": {
          "start": {
            "line": 11,
            "column": 4
          },
          "end": {
            "line": 15,
            "column": 5
          }
        },
        "type": "if",
        "locations": [
          {
            "start": {
              "line": 11,
              "column": 4
            },
            "end": {
              "line": 15,
              "column": 5
            }
          },
          {
            "start": {
              "line": 13,
              "column": 11
            },
            "end": {
              "line": 15,
              "column": 5
            }
          }
        ],
        "line": 11
      }
    },
    "s": {
      "0": 4,
      "1": 12,
      "2": 12,
      "3": 0,
      "4": 0,
      "5": 0,
      "6": 0,
      "7": 12
    },
    "f": {
      "0": 12,
      "1": 0
    },
    "b": {
      "0": [
        0,
        0
      ]
    },
    "_coverageSchema": "1a1c01bbd47fc00a2c39e90264f33305004495a9",
    "hash": "f4a8920d4760014a1b4507746ba1539565d0992f"
  },
  "/Users/raghammer/Desktop/COMP3900/capstone-project-3900f18ahexahunks/frontend/src/HomePage/FeatureInfo/FeatureInfo.js": {
    "path": "/Users/raghammer/Desktop/COMP3900/capstone-project-3900f18ahexahunks/frontend/src/HomePage/FeatureInfo/FeatureInfo.js",
    "statementMap": {
      "0": {
        "start": {
          "line": 4,
          "column": 20
        },
        "end": {
          "line": 51,
          "column": 1
        }
      },
      "1": {
        "start": {
          "line": 5,
          "column": 2
        },
        "end": {
          "line": 50,
          "column": 4
        }
      }
    },
    "fnMap": {
      "0": {
        "name": "(anonymous_0)",
        "decl": {
          "start": {
            "line": 4,
            "column": 20
          },
          "end": {
            "line": 4,
            "column": 21
          }
        },
        "loc": {
          "start": {
            "line": 4,
            "column": 26
          },
          "end": {
            "line": 51,
            "column": 1
          }
        },
        "line": 4
      }
    },
    "branchMap": {},
    "s": {
      "0": 4,
      "1": 4
    },
    "f": {
      "0": 4
    },
    "b": {},
    "_coverageSchema": "1a1c01bbd47fc00a2c39e90264f33305004495a9",
    "hash": "1a01056bc611a6182ff772ca9ea99345d8012a95"
  },
  "/Users/raghammer/Desktop/COMP3900/capstone-project-3900f18ahexahunks/frontend/src/HomePage/Info/Card.js": {
    "path": "/Users/raghammer/Desktop/COMP3900/capstone-project-3900f18ahexahunks/frontend/src/HomePage/Info/Card.js",
    "statementMap": {
      "0": {
        "start": {
          "line": 2,
          "column": 13
        },
        "end": {
          "line": 47,
          "column": 1
        }
      },
      "1": {
        "start": {
          "line": 3,
          "column": 2
        },
        "end": {
          "line": 46,
          "column": 4
        }
      }
    },
    "fnMap": {
      "0": {
        "name": "(anonymous_0)",
        "decl": {
          "start": {
            "line": 2,
            "column": 13
          },
          "end": {
            "line": 2,
            "column": 14
          }
        },
        "loc": {
          "start": {
            "line": 2,
            "column": 49
          },
          "end": {
            "line": 47,
            "column": 1
          }
        },
        "line": 2
      }
    },
    "branchMap": {},
    "s": {
      "0": 4,
      "1": 8
    },
    "f": {
      "0": 8
    },
    "b": {},
    "_coverageSchema": "1a1c01bbd47fc00a2c39e90264f33305004495a9",
    "hash": "4ed650f7c277614fbdd1dc05b5780821aa0ea71e"
  },
  "/Users/raghammer/Desktop/COMP3900/capstone-project-3900f18ahexahunks/frontend/src/HomePage/Info/PurpleCard.js": {
    "path": "/Users/raghammer/Desktop/COMP3900/capstone-project-3900f18ahexahunks/frontend/src/HomePage/Info/PurpleCard.js",
    "statementMap": {
      "0": {
        "start": {
          "line": 5,
          "column": 19
        },
        "end": {
          "line": 65,
          "column": 1
        }
      },
      "1": {
        "start": {
          "line": 6,
          "column": 14
        },
        "end": {
          "line": 6,
          "column": 27
        }
      },
      "2": {
        "start": {
          "line": 8,
          "column": 23
        },
        "end": {
          "line": 10,
          "column": 3
        }
      },
      "3": {
        "start": {
          "line": 9,
          "column": 4
        },
        "end": {
          "line": 9,
          "column": 21
        }
      },
      "4": {
        "start": {
          "line": 12,
          "column": 2
        },
        "end": {
          "line": 64,
          "column": 4
        }
      }
    },
    "fnMap": {
      "0": {
        "name": "(anonymous_0)",
        "decl": {
          "start": {
            "line": 5,
            "column": 19
          },
          "end": {
            "line": 5,
            "column": 20
          }
        },
        "loc": {
          "start": {
            "line": 5,
            "column": 25
          },
          "end": {
            "line": 65,
            "column": 1
          }
        },
        "line": 5
      },
      "1": {
        "name": "(anonymous_1)",
        "decl": {
          "start": {
            "line": 8,
            "column": 23
          },
          "end": {
            "line": 8,
            "column": 24
          }
        },
        "loc": {
          "start": {
            "line": 8,
            "column": 29
          },
          "end": {
            "line": 10,
            "column": 3
          }
        },
        "line": 8
      }
    },
    "branchMap": {},
    "s": {
      "0": 4,
      "1": 4,
      "2": 4,
      "3": 0,
      "4": 4
    },
    "f": {
      "0": 4,
      "1": 0
    },
    "b": {},
    "_coverageSchema": "1a1c01bbd47fc00a2c39e90264f33305004495a9",
    "hash": "563983da63ef002f4803dab9f32efc024a824eb4"
  },
  "/Users/raghammer/Desktop/COMP3900/capstone-project-3900f18ahexahunks/frontend/src/HomePage/Info/InfoCards.js": {
    "path": "/Users/raghammer/Desktop/COMP3900/capstone-project-3900f18ahexahunks/frontend/src/HomePage/Info/InfoCards.js",
    "statementMap": {
      "0": {
        "start": {
          "line": 5,
          "column": 18
        },
        "end": {
          "line": 64,
          "column": 1
        }
      },
      "1": {
        "start": {
          "line": 6,
          "column": 2
        },
        "end": {
          "line": 63,
          "column": 4
        }
      }
    },
    "fnMap": {
      "0": {
        "name": "(anonymous_0)",
        "decl": {
          "start": {
            "line": 5,
            "column": 18
          },
          "end": {
            "line": 5,
            "column": 19
          }
        },
        "loc": {
          "start": {
            "line": 5,
            "column": 24
          },
          "end": {
            "line": 64,
            "column": 1
          }
        },
        "line": 5
      }
    },
    "branchMap": {},
    "s": {
      "0": 4,
      "1": 4
    },
    "f": {
      "0": 4
    },
    "b": {},
    "_coverageSchema": "1a1c01bbd47fc00a2c39e90264f33305004495a9",
    "hash": "d2869741d148e61ded5d842f60a4c8fd15c78e6e"
  },
  "/Users/raghammer/Desktop/COMP3900/capstone-project-3900f18ahexahunks/frontend/src/HomePage/Process/Process.js": {
    "path": "/Users/raghammer/Desktop/COMP3900/capstone-project-3900f18ahexahunks/frontend/src/HomePage/Process/Process.js",
    "statementMap": {
      "0": {
        "start": {
          "line": 2,
          "column": 16
        },
        "end": {
          "line": 9,
          "column": 1
        }
      },
      "1": {
        "start": {
          "line": 3,
          "column": 2
        },
        "end": {
          "line": 8,
          "column": 4
        }
      }
    },
    "fnMap": {
      "0": {
        "name": "(anonymous_0)",
        "decl": {
          "start": {
            "line": 2,
            "column": 16
          },
          "end": {
            "line": 2,
            "column": 17
          }
        },
        "loc": {
          "start": {
            "line": 2,
            "column": 22
          },
          "end": {
            "line": 9,
            "column": 1
          }
        },
        "line": 2
      }
    },
    "branchMap": {},
    "s": {
      "0": 4,
      "1": 4
    },
    "f": {
      "0": 4
    },
    "b": {},
    "_coverageSchema": "1a1c01bbd47fc00a2c39e90264f33305004495a9",
    "hash": "52c0cbe70dc011a63133357e3f6bc66e0dc1f90d"
  },
  "/Users/raghammer/Desktop/COMP3900/capstone-project-3900f18ahexahunks/frontend/src/HomePage/Home.js": {
    "path": "/Users/raghammer/Desktop/COMP3900/capstone-project-3900f18ahexahunks/frontend/src/HomePage/Home.js",
    "statementMap": {
      "0": {
        "start": {
          "line": 9,
          "column": 18
        },
        "end": {
          "line": 18,
          "column": 2
        }
      },
      "1": {
        "start": {
          "line": 20,
          "column": 13
        },
        "end": {
          "line": 35,
          "column": 1
        }
      },
      "2": {
        "start": {
          "line": 21,
          "column": 2
        },
        "end": {
          "line": 34,
          "column": 4
        }
      }
    },
    "fnMap": {
      "0": {
        "name": "(anonymous_0)",
        "decl": {
          "start": {
            "line": 20,
            "column": 13
          },
          "end": {
            "line": 20,
            "column": 14
          }
        },
        "loc": {
          "start": {
            "line": 20,
            "column": 19
          },
          "end": {
            "line": 35,
            "column": 1
          }
        },
        "line": 20
      }
    },
    "branchMap": {},
    "s": {
      "0": 4,
      "1": 4,
      "2": 4
    },
    "f": {
      "0": 4
    },
    "b": {},
    "_coverageSchema": "1a1c01bbd47fc00a2c39e90264f33305004495a9",
    "hash": "39b39d8b87d90c7754b8e231aa382b02348dca49"
  },
  "/Users/raghammer/Desktop/COMP3900/capstone-project-3900f18ahexahunks/frontend/src/components/LoadingIndicator.js": {
    "path": "/Users/raghammer/Desktop/COMP3900/capstone-project-3900f18ahexahunks/frontend/src/components/LoadingIndicator.js",
    "statementMap": {
      "0": {
        "start": {
          "line": 4,
          "column": 25
        },
        "end": {
          "line": 10,
          "column": 1
        }
      },
      "1": {
        "start": {
          "line": 5,
          "column": 2
        },
        "end": {
          "line": 9,
          "column": 4
        }
      }
    },
    "fnMap": {
      "0": {
        "name": "(anonymous_0)",
        "decl": {
          "start": {
            "line": 4,
            "column": 25
          },
          "end": {
            "line": 4,
            "column": 26
          }
        },
        "loc": {
          "start": {
            "line": 4,
            "column": 31
          },
          "end": {
            "line": 10,
            "column": 1
          }
        },
        "line": 4
      }
    },
    "branchMap": {},
    "s": {
      "0": 4,
      "1": 0
    },
    "f": {
      "0": 0
    },
    "b": {},
    "_coverageSchema": "1a1c01bbd47fc00a2c39e90264f33305004495a9",
    "hash": "870460baaff492711f54ed0ae709425a59a228ca"
  },
  "/Users/raghammer/Desktop/COMP3900/capstone-project-3900f18ahexahunks/frontend/src/components/useLoading.js": {
    "path": "/Users/raghammer/Desktop/COMP3900/capstone-project-3900f18ahexahunks/frontend/src/components/useLoading.js",
    "statementMap": {
      "0": {
        "start": {
          "line": 5,
          "column": 23
        },
        "end": {
          "line": 5,
          "column": 38
        }
      },
      "1": {
        "start": {
          "line": 7,
          "column": 31
        },
        "end": {
          "line": 19,
          "column": 1
        }
      },
      "2": {
        "start": {
          "line": 8,
          "column": 36
        },
        "end": {
          "line": 8,
          "column": 51
        }
      },
      "3": {
        "start": {
          "line": 10,
          "column": 15
        },
        "end": {
          "line": 10,
          "column": 39
        }
      },
      "4": {
        "start": {
          "line": 10,
          "column": 21
        },
        "end": {
          "line": 10,
          "column": 39
        }
      },
      "5": {
        "start": {
          "line": 11,
          "column": 15
        },
        "end": {
          "line": 11,
          "column": 40
        }
      },
      "6": {
        "start": {
          "line": 11,
          "column": 21
        },
        "end": {
          "line": 11,
          "column": 40
        }
      },
      "7": {
        "start": {
          "line": 13,
          "column": 2
        },
        "end": {
          "line": 18,
          "column": 4
        }
      },
      "8": {
        "start": {
          "line": 22,
          "column": 26
        },
        "end": {
          "line": 28,
          "column": 1
        }
      },
      "9": {
        "start": {
          "line": 23,
          "column": 18
        },
        "end": {
          "line": 23,
          "column": 44
        }
      },
      "10": {
        "start": {
          "line": 24,
          "column": 2
        },
        "end": {
          "line": 26,
          "column": 3
        }
      },
      "11": {
        "start": {
          "line": 25,
          "column": 4
        },
        "end": {
          "line": 25,
          "column": 72
        }
      },
      "12": {
        "start": {
          "line": 27,
          "column": 2
        },
        "end": {
          "line": 27,
          "column": 17
        }
      }
    },
    "fnMap": {
      "0": {
        "name": "(anonymous_0)",
        "decl": {
          "start": {
            "line": 7,
            "column": 31
          },
          "end": {
            "line": 7,
            "column": 32
          }
        },
        "loc": {
          "start": {
            "line": 7,
            "column": 49
          },
          "end": {
            "line": 19,
            "column": 1
          }
        },
        "line": 7
      },
      "1": {
        "name": "(anonymous_1)",
        "decl": {
          "start": {
            "line": 10,
            "column": 15
          },
          "end": {
            "line": 10,
            "column": 16
          }
        },
        "loc": {
          "start": {
            "line": 10,
            "column": 21
          },
          "end": {
            "line": 10,
            "column": 39
          }
        },
        "line": 10
      },
      "2": {
        "name": "(anonymous_2)",
        "decl": {
          "start": {
            "line": 11,
            "column": 15
          },
          "end": {
            "line": 11,
            "column": 16
          }
        },
        "loc": {
          "start": {
            "line": 11,
            "column": 21
          },
          "end": {
            "line": 11,
            "column": 40
          }
        },
        "line": 11
      },
      "3": {
        "name": "(anonymous_3)",
        "decl": {
          "start": {
            "line": 22,
            "column": 26
          },
          "end": {
            "line": 22,
            "column": 27
          }
        },
        "loc": {
          "start": {
            "line": 22,
            "column": 32
          },
          "end": {
            "line": 28,
            "column": 1
          }
        },
        "line": 22
      }
    },
    "branchMap": {
      "0": {
        "loc": {
          "start": {
            "line": 16,
            "column": 7
          },
          "end": {
            "line": 16,
            "column": 40
          }
        },
        "type": "binary-expr",
        "locations": [
          {
            "start": {
              "line": 16,
              "column": 7
            },
            "end": {
              "line": 16,
              "column": 16
            }
          },
          {
            "start": {
              "line": 16,
              "column": 20
            },
            "end": {
              "line": 16,
              "column": 40
            }
          }
        ],
        "line": 16
      },
      "1": {
        "loc": {
          "start": {
            "line": 24,
            "column": 2
          },
          "end": {
            "line": 26,
            "column": 3
          }
        },
        "type": "if",
        "locations": [
          {
            "start": {
              "line": 24,
              "column": 2
            },
            "end": {
              "line": 26,
              "column": 3
            }
          },
          {
            "start": {},
            "end": {}
          }
        ],
        "line": 24
      }
    },
    "s": {
      "0": 4,
      "1": 4,
      "2": 8,
      "3": 8,
      "4": 0,
      "5": 8,
      "6": 0,
      "7": 8,
      "8": 4,
      "9": 0,
      "10": 0,
      "11": 0,
      "12": 0
    },
    "f": {
      "0": 8,
      "1": 0,
      "2": 0,
      "3": 0
    },
    "b": {
      "0": [
        8,
        0
      ],
      "1": [
        0,
        0
      ]
    },
    "_coverageSchema": "1a1c01bbd47fc00a2c39e90264f33305004495a9",
    "hash": "15b5b06b5fd83dfe4a2fc7d0ff8a0c56af2f810f"
  },
  "/Users/raghammer/Desktop/COMP3900/capstone-project-3900f18ahexahunks/frontend/src/components/AlertError.js": {
    "path": "/Users/raghammer/Desktop/COMP3900/capstone-project-3900f18ahexahunks/frontend/src/components/AlertError.js",
    "statementMap": {
      "0": {
        "start": {
          "line": 9,
          "column": 21
        },
        "end": {
          "line": 9,
          "column": 36
        }
      },
      "1": {
        "start": {
          "line": 12,
          "column": 30
        },
        "end": {
          "line": 16,
          "column": 1
        }
      },
      "2": {
        "start": {
          "line": 13,
          "column": 28
        },
        "end": {
          "line": 15,
          "column": 3
        }
      },
      "3": {
        "start": {
          "line": 19,
          "column": 24
        },
        "end": {
          "line": 19,
          "column": 54
        }
      },
      "4": {
        "start": {
          "line": 19,
          "column": 30
        },
        "end": {
          "line": 19,
          "column": 54
        }
      },
      "5": {
        "start": {
          "line": 22,
          "column": 29
        },
        "end": {
          "line": 78,
          "column": 1
        }
      },
      "6": {
        "start": {
          "line": 23,
          "column": 38
        },
        "end": {
          "line": 27,
          "column": 4
        }
      },
      "7": {
        "start": {
          "line": 30,
          "column": 20
        },
        "end": {
          "line": 36,
          "column": 3
        }
      },
      "8": {
        "start": {
          "line": 31,
          "column": 4
        },
        "end": {
          "line": 35,
          "column": 7
        }
      },
      "9": {
        "start": {
          "line": 39,
          "column": 22
        },
        "end": {
          "line": 47,
          "column": 3
        }
      },
      "10": {
        "start": {
          "line": 40,
          "column": 4
        },
        "end": {
          "line": 42,
          "column": 5
        }
      },
      "11": {
        "start": {
          "line": 41,
          "column": 6
        },
        "end": {
          "line": 41,
          "column": 13
        }
      },
      "12": {
        "start": {
          "line": 43,
          "column": 4
        },
        "end": {
          "line": 46,
          "column": 8
        }
      },
      "13": {
        "start": {
          "line": 43,
          "column": 34
        },
        "end": {
          "line": 46,
          "column": 5
        }
      },
      "14": {
        "start": {
          "line": 49,
          "column": 2
        },
        "end": {
          "line": 77,
          "column": 4
        }
      }
    },
    "fnMap": {
      "0": {
        "name": "(anonymous_0)",
        "decl": {
          "start": {
            "line": 13,
            "column": 2
          },
          "end": {
            "line": 13,
            "column": 3
          }
        },
        "loc": {
          "start": {
            "line": 13,
            "column": 28
          },
          "end": {
            "line": 15,
            "column": 3
          }
        },
        "line": 13
      },
      "1": {
        "name": "(anonymous_1)",
        "decl": {
          "start": {
            "line": 19,
            "column": 24
          },
          "end": {
            "line": 19,
            "column": 25
          }
        },
        "loc": {
          "start": {
            "line": 19,
            "column": 30
          },
          "end": {
            "line": 19,
            "column": 54
          }
        },
        "line": 19
      },
      "2": {
        "name": "(anonymous_2)",
        "decl": {
          "start": {
            "line": 22,
            "column": 29
          },
          "end": {
            "line": 22,
            "column": 30
          }
        },
        "loc": {
          "start": {
            "line": 22,
            "column": 47
          },
          "end": {
            "line": 78,
            "column": 1
          }
        },
        "line": 22
      },
      "3": {
        "name": "(anonymous_3)",
        "decl": {
          "start": {
            "line": 30,
            "column": 20
          },
          "end": {
            "line": 30,
            "column": 21
          }
        },
        "loc": {
          "start": {
            "line": 30,
            "column": 55
          },
          "end": {
            "line": 36,
            "column": 3
          }
        },
        "line": 30
      },
      "4": {
        "name": "(anonymous_4)",
        "decl": {
          "start": {
            "line": 39,
            "column": 22
          },
          "end": {
            "line": 39,
            "column": 23
          }
        },
        "loc": {
          "start": {
            "line": 39,
            "column": 41
          },
          "end": {
            "line": 47,
            "column": 3
          }
        },
        "line": 39
      },
      "5": {
        "name": "(anonymous_5)",
        "decl": {
          "start": {
            "line": 43,
            "column": 18
          },
          "end": {
            "line": 43,
            "column": 19
          }
        },
        "loc": {
          "start": {
            "line": 43,
            "column": 34
          },
          "end": {
            "line": 46,
            "column": 5
          }
        },
        "line": 43
      }
    },
    "branchMap": {
      "0": {
        "loc": {
          "start": {
            "line": 14,
            "column": 21
          },
          "end": {
            "line": 14,
            "column": 59
          }
        },
        "type": "binary-expr",
        "locations": [
          {
            "start": {
              "line": 14,
              "column": 21
            },
            "end": {
              "line": 14,
              "column": 29
            }
          },
          {
            "start": {
              "line": 14,
              "column": 33
            },
            "end": {
              "line": 14,
              "column": 59
            }
          }
        ],
        "line": 14
      },
      "1": {
        "loc": {
          "start": {
            "line": 30,
            "column": 30
          },
          "end": {
            "line": 30,
            "column": 50
          }
        },
        "type": "default-arg",
        "locations": [
          {
            "start": {
              "line": 30,
              "column": 41
            },
            "end": {
              "line": 30,
              "column": 50
            }
          }
        ],
        "line": 30
      },
      "2": {
        "loc": {
          "start": {
            "line": 40,
            "column": 4
          },
          "end": {
            "line": 42,
            "column": 5
          }
        },
        "type": "if",
        "locations": [
          {
            "start": {
              "line": 40,
              "column": 4
            },
            "end": {
              "line": 42,
              "column": 5
            }
          },
          {
            "start": {},
            "end": {}
          }
        ],
        "line": 40
      }
    },
    "s": {
      "0": 4,
      "1": 4,
      "2": 0,
      "3": 4,
      "4": 10,
      "5": 4,
      "6": 8,
      "7": 8,
      "8": 0,
      "9": 8,
      "10": 0,
      "11": 0,
      "12": 0,
      "13": 0,
      "14": 8
    },
    "f": {
      "0": 0,
      "1": 10,
      "2": 8,
      "3": 0,
      "4": 0,
      "5": 0
    },
    "b": {
      "0": [
        0,
        0
      ],
      "1": [
        0
      ],
      "2": [
        0,
        0
      ]
    },
    "_coverageSchema": "1a1c01bbd47fc00a2c39e90264f33305004495a9",
    "hash": "644848e049729b5e2bb44a2e2ebe26e5ca882692"
  },
  "/Users/raghammer/Desktop/COMP3900/capstone-project-3900f18ahexahunks/frontend/src/components/CustomInputBox.js": {
    "path": "/Users/raghammer/Desktop/COMP3900/capstone-project-3900f18ahexahunks/frontend/src/components/CustomInputBox.js",
    "statementMap": {
      "0": {
        "start": {
          "line": 4,
          "column": 23
        },
        "end": {
          "line": 8,
          "column": 2
        }
      },
      "1": {
        "start": {
          "line": 10,
          "column": 20
        },
        "end": {
          "line": 20,
          "column": 2
        }
      },
      "2": {
        "start": {
          "line": 22,
          "column": 19
        },
        "end": {
          "line": 30,
          "column": 2
        }
      },
      "3": {
        "start": {
          "line": 32,
          "column": 23
        },
        "end": {
          "line": 55,
          "column": 1
        }
      },
      "4": {
        "start": {
          "line": 40,
          "column": 25
        },
        "end": {
          "line": 42,
          "column": 3
        }
      },
      "5": {
        "start": {
          "line": 41,
          "column": 4
        },
        "end": {
          "line": 41,
          "column": 29
        }
      },
      "6": {
        "start": {
          "line": 44,
          "column": 2
        },
        "end": {
          "line": 54,
          "column": 4
        }
      }
    },
    "fnMap": {
      "0": {
        "name": "(anonymous_0)",
        "decl": {
          "start": {
            "line": 32,
            "column": 23
          },
          "end": {
            "line": 32,
            "column": 24
          }
        },
        "loc": {
          "start": {
            "line": 39,
            "column": 6
          },
          "end": {
            "line": 55,
            "column": 1
          }
        },
        "line": 39
      },
      "1": {
        "name": "(anonymous_1)",
        "decl": {
          "start": {
            "line": 40,
            "column": 25
          },
          "end": {
            "line": 40,
            "column": 26
          }
        },
        "loc": {
          "start": {
            "line": 40,
            "column": 32
          },
          "end": {
            "line": 42,
            "column": 3
          }
        },
        "line": 40
      }
    },
    "branchMap": {},
    "s": {
      "0": 4,
      "1": 4,
      "2": 4,
      "3": 4,
      "4": 8,
      "5": 0,
      "6": 8
    },
    "f": {
      "0": 8,
      "1": 0
    },
    "b": {},
    "_coverageSchema": "1a1c01bbd47fc00a2c39e90264f33305004495a9",
    "hash": "5c26bc461fd41a016604099963b43decdbaf28b5"
  },
  "/Users/raghammer/Desktop/COMP3900/capstone-project-3900f18ahexahunks/frontend/src/services/client.js": {
    "path": "/Users/raghammer/Desktop/COMP3900/capstone-project-3900f18ahexahunks/frontend/src/services/client.js",
    "statementMap": {
      "0": {
        "start": {
          "line": 5,
          "column": 18
        },
        "end": {
          "line": 9,
          "column": 2
        }
      },
      "1": {
        "start": {
          "line": 10,
          "column": 0
        },
        "end": {
          "line": 16,
          "column": 2
        }
      },
      "2": {
        "start": {
          "line": 11,
          "column": 16
        },
        "end": {
          "line": 11,
          "column": 24
        }
      },
      "3": {
        "start": {
          "line": 13,
          "column": 4
        },
        "end": {
          "line": 13,
          "column": 53
        }
      },
      "4": {
        "start": {
          "line": 14,
          "column": 4
        },
        "end": {
          "line": 14,
          "column": 33
        }
      }
    },
    "fnMap": {
      "0": {
        "name": "(anonymous_0)",
        "decl": {
          "start": {
            "line": 11,
            "column": 2
          },
          "end": {
            "line": 11,
            "column": 3
          }
        },
        "loc": {
          "start": {
            "line": 11,
            "column": 16
          },
          "end": {
            "line": 11,
            "column": 24
          }
        },
        "line": 11
      },
      "1": {
        "name": "(anonymous_1)",
        "decl": {
          "start": {
            "line": 12,
            "column": 2
          },
          "end": {
            "line": 12,
            "column": 3
          }
        },
        "loc": {
          "start": {
            "line": 12,
            "column": 13
          },
          "end": {
            "line": 15,
            "column": 3
          }
        },
        "line": 12
      }
    },
    "branchMap": {},
    "s": {
      "0": 4,
      "1": 4,
      "2": 0,
      "3": 0,
      "4": 0
    },
    "f": {
      "0": 0,
      "1": 0
    },
    "b": {},
    "_coverageSchema": "1a1c01bbd47fc00a2c39e90264f33305004495a9",
    "hash": "b24fc6a98f6f0019bb7ee3f885b259c11516a641"
  },
  "/Users/raghammer/Desktop/COMP3900/capstone-project-3900f18ahexahunks/frontend/src/services/api.js": {
    "path": "/Users/raghammer/Desktop/COMP3900/capstone-project-3900f18ahexahunks/frontend/src/services/api.js",
    "statementMap": {
      "0": {
        "start": {
          "line": 4,
          "column": 21
        },
        "end": {
          "line": 10,
          "column": 1
        }
      },
      "1": {
        "start": {
          "line": 5,
          "column": 2
        },
        "end": {
          "line": 9,
          "column": 3
        }
      },
      "2": {
        "start": {
          "line": 6,
          "column": 4
        },
        "end": {
          "line": 6,
          "column": 53
        }
      },
      "3": {
        "start": {
          "line": 8,
          "column": 4
        },
        "end": {
          "line": 8,
          "column": 50
        }
      },
      "4": {
        "start": {
          "line": 12,
          "column": 24
        },
        "end": {
          "line": 18,
          "column": 1
        }
      },
      "5": {
        "start": {
          "line": 13,
          "column": 2
        },
        "end": {
          "line": 17,
          "column": 3
        }
      },
      "6": {
        "start": {
          "line": 14,
          "column": 4
        },
        "end": {
          "line": 14,
          "column": 56
        }
      },
      "7": {
        "start": {
          "line": 16,
          "column": 4
        },
        "end": {
          "line": 16,
          "column": 50
        }
      },
      "8": {
        "start": {
          "line": 20,
          "column": 30
        },
        "end": {
          "line": 26,
          "column": 1
        }
      },
      "9": {
        "start": {
          "line": 21,
          "column": 2
        },
        "end": {
          "line": 25,
          "column": 3
        }
      },
      "10": {
        "start": {
          "line": 22,
          "column": 4
        },
        "end": {
          "line": 22,
          "column": 63
        }
      },
      "11": {
        "start": {
          "line": 24,
          "column": 4
        },
        "end": {
          "line": 24,
          "column": 50
        }
      },
      "12": {
        "start": {
          "line": 28,
          "column": 29
        },
        "end": {
          "line": 34,
          "column": 1
        }
      },
      "13": {
        "start": {
          "line": 29,
          "column": 2
        },
        "end": {
          "line": 33,
          "column": 3
        }
      },
      "14": {
        "start": {
          "line": 30,
          "column": 4
        },
        "end": {
          "line": 30,
          "column": 62
        }
      },
      "15": {
        "start": {
          "line": 32,
          "column": 4
        },
        "end": {
          "line": 32,
          "column": 50
        }
      },
      "16": {
        "start": {
          "line": 36,
          "column": 31
        },
        "end": {
          "line": 47,
          "column": 1
        }
      },
      "17": {
        "start": {
          "line": 37,
          "column": 2
        },
        "end": {
          "line": 46,
          "column": 3
        }
      },
      "18": {
        "start": {
          "line": 38,
          "column": 21
        },
        "end": {
          "line": 42,
          "column": 6
        }
      },
      "19": {
        "start": {
          "line": 43,
          "column": 4
        },
        "end": {
          "line": 43,
          "column": 25
        }
      },
      "20": {
        "start": {
          "line": 45,
          "column": 4
        },
        "end": {
          "line": 45,
          "column": 54
        }
      },
      "21": {
        "start": {
          "line": 49,
          "column": 27
        },
        "end": {
          "line": 61,
          "column": 1
        }
      },
      "22": {
        "start": {
          "line": 50,
          "column": 2
        },
        "end": {
          "line": 60,
          "column": 3
        }
      },
      "23": {
        "start": {
          "line": 51,
          "column": 21
        },
        "end": {
          "line": 55,
          "column": 6
        }
      },
      "24": {
        "start": {
          "line": 56,
          "column": 4
        },
        "end": {
          "line": 56,
          "column": 26
        }
      },
      "25": {
        "start": {
          "line": 57,
          "column": 4
        },
        "end": {
          "line": 57,
          "column": 25
        }
      },
      "26": {
        "start": {
          "line": 59,
          "column": 4
        },
        "end": {
          "line": 59,
          "column": 54
        }
      },
      "27": {
        "start": {
          "line": 63,
          "column": 39
        },
        "end": {
          "line": 71,
          "column": 1
        }
      },
      "28": {
        "start": {
          "line": 64,
          "column": 2
        },
        "end": {
          "line": 70,
          "column": 20
        }
      },
      "29": {
        "start": {
          "line": 65,
          "column": 21
        },
        "end": {
          "line": 67,
          "column": 6
        }
      },
      "30": {
        "start": {
          "line": 68,
          "column": 4
        },
        "end": {
          "line": 68,
          "column": 31
        }
      },
      "31": {
        "start": {
          "line": 69,
          "column": 4
        },
        "end": {
          "line": 69,
          "column": 39
        }
      },
      "32": {
        "start": {
          "line": 73,
          "column": 26
        },
        "end": {
          "line": 81,
          "column": 1
        }
      },
      "33": {
        "start": {
          "line": 74,
          "column": 2
        },
        "end": {
          "line": 80,
          "column": 20
        }
      },
      "34": {
        "start": {
          "line": 75,
          "column": 21
        },
        "end": {
          "line": 77,
          "column": 6
        }
      },
      "35": {
        "start": {
          "line": 78,
          "column": 4
        },
        "end": {
          "line": 78,
          "column": 31
        }
      },
      "36": {
        "start": {
          "line": 79,
          "column": 4
        },
        "end": {
          "line": 79,
          "column": 25
        }
      },
      "37": {
        "start": {
          "line": 83,
          "column": 16
        },
        "end": {
          "line": 83,
          "column": 48
        }
      },
      "38": {
        "start": {
          "line": 84,
          "column": 28
        },
        "end": {
          "line": 100,
          "column": 1
        }
      },
      "39": {
        "start": {
          "line": 85,
          "column": 2
        },
        "end": {
          "line": 99,
          "column": 3
        }
      },
      "40": {
        "start": {
          "line": 86,
          "column": 21
        },
        "end": {
          "line": 95,
          "column": 5
        }
      },
      "41": {
        "start": {
          "line": 96,
          "column": 4
        },
        "end": {
          "line": 96,
          "column": 25
        }
      },
      "42": {
        "start": {
          "line": 98,
          "column": 4
        },
        "end": {
          "line": 98,
          "column": 52
        }
      },
      "43": {
        "start": {
          "line": 102,
          "column": 20
        },
        "end": {
          "line": 102,
          "column": 37
        }
      },
      "44": {
        "start": {
          "line": 104,
          "column": 2
        },
        "end": {
          "line": 137,
          "column": 3
        }
      },
      "45": {
        "start": {
          "line": 105,
          "column": 26
        },
        "end": {
          "line": 105,
          "column": 71
        }
      },
      "46": {
        "start": {
          "line": 106,
          "column": 4
        },
        "end": {
          "line": 112,
          "column": 5
        }
      },
      "47": {
        "start": {
          "line": 107,
          "column": 37
        },
        "end": {
          "line": 107,
          "column": 50
        }
      },
      "48": {
        "start": {
          "line": 109,
          "column": 6
        },
        "end": {
          "line": 111,
          "column": 7
        }
      },
      "49": {
        "start": {
          "line": 110,
          "column": 8
        },
        "end": {
          "line": 110,
          "column": 23
        }
      },
      "50": {
        "start": {
          "line": 114,
          "column": 21
        },
        "end": {
          "line": 124,
          "column": 6
        }
      },
      "51": {
        "start": {
          "line": 126,
          "column": 20
        },
        "end": {
          "line": 126,
          "column": 33
        }
      },
      "52": {
        "start": {
          "line": 127,
          "column": 29
        },
        "end": {
          "line": 127,
          "column": 49
        }
      },
      "53": {
        "start": {
          "line": 128,
          "column": 4
        },
        "end": {
          "line": 131,
          "column": 6
        }
      },
      "54": {
        "start": {
          "line": 133,
          "column": 4
        },
        "end": {
          "line": 133,
          "column": 19
        }
      },
      "55": {
        "start": {
          "line": 135,
          "column": 4
        },
        "end": {
          "line": 135,
          "column": 73
        }
      },
      "56": {
        "start": {
          "line": 136,
          "column": 4
        },
        "end": {
          "line": 136,
          "column": 16
        }
      },
      "57": {
        "start": {
          "line": 142,
          "column": 2
        },
        "end": {
          "line": 146,
          "column": 4
        }
      }
    },
    "fnMap": {
      "0": {
        "name": "(anonymous_0)",
        "decl": {
          "start": {
            "line": 4,
            "column": 21
          },
          "end": {
            "line": 4,
            "column": 22
          }
        },
        "loc": {
          "start": {
            "line": 4,
            "column": 37
          },
          "end": {
            "line": 10,
            "column": 1
          }
        },
        "line": 4
      },
      "1": {
        "name": "(anonymous_1)",
        "decl": {
          "start": {
            "line": 12,
            "column": 24
          },
          "end": {
            "line": 12,
            "column": 25
          }
        },
        "loc": {
          "start": {
            "line": 12,
            "column": 40
          },
          "end": {
            "line": 18,
            "column": 1
          }
        },
        "line": 12
      },
      "2": {
        "name": "(anonymous_2)",
        "decl": {
          "start": {
            "line": 20,
            "column": 30
          },
          "end": {
            "line": 20,
            "column": 31
          }
        },
        "loc": {
          "start": {
            "line": 20,
            "column": 46
          },
          "end": {
            "line": 26,
            "column": 1
          }
        },
        "line": 20
      },
      "3": {
        "name": "(anonymous_3)",
        "decl": {
          "start": {
            "line": 28,
            "column": 29
          },
          "end": {
            "line": 28,
            "column": 30
          }
        },
        "loc": {
          "start": {
            "line": 28,
            "column": 45
          },
          "end": {
            "line": 34,
            "column": 1
          }
        },
        "line": 28
      },
      "4": {
        "name": "(anonymous_4)",
        "decl": {
          "start": {
            "line": 36,
            "column": 31
          },
          "end": {
            "line": 36,
            "column": 32
          }
        },
        "loc": {
          "start": {
            "line": 36,
            "column": 51
          },
          "end": {
            "line": 47,
            "column": 1
          }
        },
        "line": 36
      },
      "5": {
        "name": "(anonymous_5)",
        "decl": {
          "start": {
            "line": 49,
            "column": 27
          },
          "end": {
            "line": 49,
            "column": 28
          }
        },
        "loc": {
          "start": {
            "line": 49,
            "column": 47
          },
          "end": {
            "line": 61,
            "column": 1
          }
        },
        "line": 49
      },
      "6": {
        "name": "(anonymous_6)",
        "decl": {
          "start": {
            "line": 63,
            "column": 39
          },
          "end": {
            "line": 63,
            "column": 40
          }
        },
        "loc": {
          "start": {
            "line": 63,
            "column": 55
          },
          "end": {
            "line": 71,
            "column": 1
          }
        },
        "line": 63
      },
      "7": {
        "name": "(anonymous_7)",
        "decl": {
          "start": {
            "line": 73,
            "column": 26
          },
          "end": {
            "line": 73,
            "column": 27
          }
        },
        "loc": {
          "start": {
            "line": 73,
            "column": 42
          },
          "end": {
            "line": 81,
            "column": 1
          }
        },
        "line": 73
      },
      "8": {
        "name": "(anonymous_8)",
        "decl": {
          "start": {
            "line": 84,
            "column": 28
          },
          "end": {
            "line": 84,
            "column": 29
          }
        },
        "loc": {
          "start": {
            "line": 84,
            "column": 48
          },
          "end": {
            "line": 100,
            "column": 1
          }
        },
        "line": 84
      },
      "9": {
        "name": "getThoughtOfTheDay",
        "decl": {
          "start": {
            "line": 103,
            "column": 22
          },
          "end": {
            "line": 103,
            "column": 40
          }
        },
        "loc": {
          "start": {
            "line": 103,
            "column": 43
          },
          "end": {
            "line": 138,
            "column": 1
          }
        },
        "line": 103
      },
      "10": {
        "name": "isSameDay",
        "decl": {
          "start": {
            "line": 141,
            "column": 9
          },
          "end": {
            "line": 141,
            "column": 18
          }
        },
        "loc": {
          "start": {
            "line": 141,
            "column": 33
          },
          "end": {
            "line": 147,
            "column": 1
          }
        },
        "line": 141
      }
    },
    "branchMap": {
      "0": {
        "loc": {
          "start": {
            "line": 106,
            "column": 4
          },
          "end": {
            "line": 112,
            "column": 5
          }
        },
        "type": "if",
        "locations": [
          {
            "start": {
              "line": 106,
              "column": 4
            },
            "end": {
              "line": 112,
              "column": 5
            }
          },
          {
            "start": {},
            "end": {}
          }
        ],
        "line": 106
      },
      "1": {
        "loc": {
          "start": {
            "line": 109,
            "column": 6
          },
          "end": {
            "line": 111,
            "column": 7
          }
        },
        "type": "if",
        "locations": [
          {
            "start": {
              "line": 109,
              "column": 6
            },
            "end": {
              "line": 111,
              "column": 7
            }
          },
          {
            "start": {},
            "end": {}
          }
        ],
        "line": 109
      },
      "2": {
        "loc": {
          "start": {
            "line": 143,
            "column": 4
          },
          "end": {
            "line": 145,
            "column": 39
          }
        },
        "type": "binary-expr",
        "locations": [
          {
            "start": {
              "line": 143,
              "column": 4
            },
            "end": {
              "line": 143,
              "column": 47
            }
          },
          {
            "start": {
              "line": 144,
              "column": 4
            },
            "end": {
              "line": 144,
              "column": 41
            }
          },
          {
            "start": {
              "line": 145,
              "column": 4
            },
            "end": {
              "line": 145,
              "column": 39
            }
          }
        ],
        "line": 143
      }
    },
    "s": {
      "0": 4,
      "1": 0,
      "2": 0,
      "3": 0,
      "4": 4,
      "5": 0,
      "6": 0,
      "7": 0,
      "8": 4,
      "9": 0,
      "10": 0,
      "11": 0,
      "12": 4,
      "13": 0,
      "14": 0,
      "15": 0,
      "16": 4,
      "17": 0,
      "18": 0,
      "19": 0,
      "20": 0,
      "21": 4,
      "22": 0,
      "23": 0,
      "24": 0,
      "25": 0,
      "26": 0,
      "27": 4,
      "28": 0,
      "29": 0,
      "30": 0,
      "31": 0,
      "32": 4,
      "33": 0,
      "34": 0,
      "35": 0,
      "36": 0,
      "37": 4,
      "38": 4,
      "39": 0,
      "40": 0,
      "41": 0,
      "42": 0,
      "43": 4,
      "44": 0,
      "45": 0,
      "46": 0,
      "47": 0,
      "48": 0,
      "49": 0,
      "50": 0,
      "51": 0,
      "52": 0,
      "53": 0,
      "54": 0,
      "55": 0,
      "56": 0,
      "57": 0
    },
    "f": {
      "0": 0,
      "1": 0,
      "2": 0,
      "3": 0,
      "4": 0,
      "5": 0,
      "6": 0,
      "7": 0,
      "8": 0,
      "9": 0,
      "10": 0
    },
    "b": {
      "0": [
        0,
        0
      ],
      "1": [
        0,
        0
      ],
      "2": [
        0,
        0,
        0
      ]
    },
    "_coverageSchema": "1a1c01bbd47fc00a2c39e90264f33305004495a9",
    "hash": "9c1a617e264ce3d41164fa936ba2fbaa49d8ef85"
  },
  "/Users/raghammer/Desktop/COMP3900/capstone-project-3900f18ahexahunks/frontend/src/auth/Login/ForgotPassword.js": {
    "path": "/Users/raghammer/Desktop/COMP3900/capstone-project-3900f18ahexahunks/frontend/src/auth/Login/ForgotPassword.js",
    "statementMap": {
      "0": {
        "start": {
          "line": 46,
          "column": 30
        },
        "end": {
          "line": 58,
          "column": 3
        }
      },
      "1": {
        "start": {
          "line": 46,
          "column": 60
        },
        "end": {
          "line": 58,
          "column": 1
        }
      },
      "2": {
        "start": {
          "line": 60,
          "column": 27
        },
        "end": {
          "line": 62,
          "column": 2
        }
      },
      "3": {
        "start": {
          "line": 64,
          "column": 23
        },
        "end": {
          "line": 137,
          "column": 1
        }
      },
      "4": {
        "start": {
          "line": 65,
          "column": 26
        },
        "end": {
          "line": 65,
          "column": 41
        }
      },
      "5": {
        "start": {
          "line": 66,
          "column": 28
        },
        "end": {
          "line": 66,
          "column": 40
        }
      },
      "6": {
        "start": {
          "line": 67,
          "column": 24
        },
        "end": {
          "line": 67,
          "column": 34
        }
      },
      "7": {
        "start": {
          "line": 69,
          "column": 26
        },
        "end": {
          "line": 71,
          "column": 3
        }
      },
      "8": {
        "start": {
          "line": 70,
          "column": 4
        },
        "end": {
          "line": 70,
          "column": 18
        }
      },
      "9": {
        "start": {
          "line": 73,
          "column": 22
        },
        "end": {
          "line": 75,
          "column": 3
        }
      },
      "10": {
        "start": {
          "line": 74,
          "column": 4
        },
        "end": {
          "line": 74,
          "column": 19
        }
      },
      "11": {
        "start": {
          "line": 77,
          "column": 23
        },
        "end": {
          "line": 101,
          "column": 3
        }
      },
      "12": {
        "start": {
          "line": 78,
          "column": 4
        },
        "end": {
          "line": 78,
          "column": 18
        }
      },
      "13": {
        "start": {
          "line": 79,
          "column": 4
        },
        "end": {
          "line": 79,
          "column": 33
        }
      },
      "14": {
        "start": {
          "line": 80,
          "column": 4
        },
        "end": {
          "line": 83,
          "column": 5
        }
      },
      "15": {
        "start": {
          "line": 81,
          "column": 6
        },
        "end": {
          "line": 81,
          "column": 65
        }
      },
      "16": {
        "start": {
          "line": 82,
          "column": 6
        },
        "end": {
          "line": 82,
          "column": 13
        }
      },
      "17": {
        "start": {
          "line": 85,
          "column": 4
        },
        "end": {
          "line": 100,
          "column": 5
        }
      },
      "18": {
        "start": {
          "line": 86,
          "column": 23
        },
        "end": {
          "line": 86,
          "column": 54
        }
      },
      "19": {
        "start": {
          "line": 87,
          "column": 6
        },
        "end": {
          "line": 94,
          "column": 7
        }
      },
      "20": {
        "start": {
          "line": 88,
          "column": 8
        },
        "end": {
          "line": 91,
          "column": 10
        }
      },
      "21": {
        "start": {
          "line": 93,
          "column": 8
        },
        "end": {
          "line": 93,
          "column": 70
        }
      },
      "22": {
        "start": {
          "line": 96,
          "column": 6
        },
        "end": {
          "line": 99,
          "column": 8
        }
      },
      "23": {
        "start": {
          "line": 102,
          "column": 2
        },
        "end": {
          "line": 102,
          "column": 38
        }
      },
      "24": {
        "start": {
          "line": 104,
          "column": 2
        },
        "end": {
          "line": 136,
          "column": 4
        }
      },
      "25": {
        "start": {
          "line": 127,
          "column": 29
        },
        "end": {
          "line": 127,
          "column": 53
        }
      }
    },
    "fnMap": {
      "0": {
        "name": "(anonymous_0)",
        "decl": {
          "start": {
            "line": 46,
            "column": 44
          },
          "end": {
            "line": 46,
            "column": 45
          }
        },
        "loc": {
          "start": {
            "line": 46,
            "column": 60
          },
          "end": {
            "line": 58,
            "column": 1
          }
        },
        "line": 46
      },
      "1": {
        "name": "(anonymous_1)",
        "decl": {
          "start": {
            "line": 64,
            "column": 23
          },
          "end": {
            "line": 64,
            "column": 24
          }
        },
        "loc": {
          "start": {
            "line": 64,
            "column": 29
          },
          "end": {
            "line": 137,
            "column": 1
          }
        },
        "line": 64
      },
      "2": {
        "name": "(anonymous_2)",
        "decl": {
          "start": {
            "line": 69,
            "column": 26
          },
          "end": {
            "line": 69,
            "column": 27
          }
        },
        "loc": {
          "start": {
            "line": 69,
            "column": 32
          },
          "end": {
            "line": 71,
            "column": 3
          }
        },
        "line": 69
      },
      "3": {
        "name": "(anonymous_3)",
        "decl": {
          "start": {
            "line": 73,
            "column": 22
          },
          "end": {
            "line": 73,
            "column": 23
          }
        },
        "loc": {
          "start": {
            "line": 73,
            "column": 28
          },
          "end": {
            "line": 75,
            "column": 3
          }
        },
        "line": 73
      },
      "4": {
        "name": "(anonymous_4)",
        "decl": {
          "start": {
            "line": 77,
            "column": 23
          },
          "end": {
            "line": 77,
            "column": 24
          }
        },
        "loc": {
          "start": {
            "line": 77,
            "column": 35
          },
          "end": {
            "line": 101,
            "column": 3
          }
        },
        "line": 77
      },
      "5": {
        "name": "(anonymous_5)",
        "decl": {
          "start": {
            "line": 127,
            "column": 22
          },
          "end": {
            "line": 127,
            "column": 23
          }
        },
        "loc": {
          "start": {
            "line": 127,
            "column": 29
          },
          "end": {
            "line": 127,
            "column": 53
          }
        },
        "line": 127
      }
    },
    "branchMap": {
      "0": {
        "loc": {
          "start": {
            "line": 80,
            "column": 4
          },
          "end": {
            "line": 83,
            "column": 5
          }
        },
        "type": "if",
        "locations": [
          {
            "start": {
              "line": 80,
              "column": 4
            },
            "end": {
              "line": 83,
              "column": 5
            }
          },
          {
            "start": {},
            "end": {}
          }
        ],
        "line": 80
      },
      "1": {
        "loc": {
          "start": {
            "line": 87,
            "column": 6
          },
          "end": {
            "line": 94,
            "column": 7
          }
        },
        "type": "if",
        "locations": [
          {
            "start": {
              "line": 87,
              "column": 6
            },
            "end": {
              "line": 94,
              "column": 7
            }
          },
          {
            "start": {
              "line": 92,
              "column": 13
            },
            "end": {
              "line": 94,
              "column": 7
            }
          }
        ],
        "line": 87
      },
      "2": {
        "loc": {
          "start": {
            "line": 89,
            "column": 10
          },
          "end": {
            "line": 89,
            "column": 73
          }
        },
        "type": "binary-expr",
        "locations": [
          {
            "start": {
              "line": 89,
              "column": 10
            },
            "end": {
              "line": 89,
              "column": 31
            }
          },
          {
            "start": {
              "line": 89,
              "column": 35
            },
            "end": {
              "line": 89,
              "column": 73
            }
          }
        ],
        "line": 89
      }
    },
    "s": {
      "0": 4,
      "1": 6,
      "2": 4,
      "3": 4,
      "4": 6,
      "5": 6,
      "6": 6,
      "7": 6,
      "8": 1,
      "9": 6,
      "10": 0,
      "11": 6,
      "12": 0,
      "13": 0,
      "14": 0,
      "15": 0,
      "16": 0,
      "17": 0,
      "18": 0,
      "19": 0,
      "20": 0,
      "21": 0,
      "22": 0,
      "23": 6,
      "24": 6,
      "25": 0
    },
    "f": {
      "0": 6,
      "1": 6,
      "2": 1,
      "3": 0,
      "4": 0,
      "5": 0
    },
    "b": {
      "0": [
        0,
        0
      ],
      "1": [
        0,
        0
      ],
      "2": [
        0,
        0
      ]
    },
    "_coverageSchema": "1a1c01bbd47fc00a2c39e90264f33305004495a9",
    "hash": "43bdcce994d3106b2fdc05a0bc80ebda832f380b"
  },
  "/Users/raghammer/Desktop/COMP3900/capstone-project-3900f18ahexahunks/frontend/src/auth/Login/RedirectToRegister.js": {
    "path": "/Users/raghammer/Desktop/COMP3900/capstone-project-3900f18ahexahunks/frontend/src/auth/Login/RedirectToRegister.js",
    "statementMap": {
      "0": {
        "start": {
          "line": 5,
          "column": 21
        },
        "end": {
          "line": 11,
          "column": 2
        }
      },
      "1": {
        "start": {
          "line": 13,
          "column": 27
        },
        "end": {
          "line": 38,
          "column": 1
        }
      },
      "2": {
        "start": {
          "line": 14,
          "column": 14
        },
        "end": {
          "line": 14,
          "column": 27
        }
      },
      "3": {
        "start": {
          "line": 16,
          "column": 23
        },
        "end": {
          "line": 18,
          "column": 3
        }
      },
      "4": {
        "start": {
          "line": 17,
          "column": 4
        },
        "end": {
          "line": 17,
          "column": 21
        }
      },
      "5": {
        "start": {
          "line": 20,
          "column": 2
        },
        "end": {
          "line": 37,
          "column": 4
        }
      }
    },
    "fnMap": {
      "0": {
        "name": "(anonymous_0)",
        "decl": {
          "start": {
            "line": 13,
            "column": 27
          },
          "end": {
            "line": 13,
            "column": 28
          }
        },
        "loc": {
          "start": {
            "line": 13,
            "column": 33
          },
          "end": {
            "line": 38,
            "column": 1
          }
        },
        "line": 13
      },
      "1": {
        "name": "(anonymous_1)",
        "decl": {
          "start": {
            "line": 16,
            "column": 23
          },
          "end": {
            "line": 16,
            "column": 24
          }
        },
        "loc": {
          "start": {
            "line": 16,
            "column": 29
          },
          "end": {
            "line": 18,
            "column": 3
          }
        },
        "line": 16
      }
    },
    "branchMap": {},
    "s": {
      "0": 4,
      "1": 4,
      "2": 4,
      "3": 4,
      "4": 0,
      "5": 4
    },
    "f": {
      "0": 4,
      "1": 0
    },
    "b": {},
    "_coverageSchema": "1a1c01bbd47fc00a2c39e90264f33305004495a9",
    "hash": "ebb2c1dbc5d6e06bd6d91ff04b3e0200ede4a65c"
  },
  "/Users/raghammer/Desktop/COMP3900/capstone-project-3900f18ahexahunks/frontend/src/zustand/useUserStore.js": {
    "path": "/Users/raghammer/Desktop/COMP3900/capstone-project-3900f18ahexahunks/frontend/src/zustand/useUserStore.js",
    "statementMap": {
      "0": {
        "start": {
          "line": 10,
          "column": 21
        },
        "end": {
          "line": 26,
          "column": 3
        }
      },
      "1": {
        "start": {
          "line": 10,
          "column": 43
        },
        "end": {
          "line": 26,
          "column": 1
        }
      },
      "2": {
        "start": {
          "line": 13,
          "column": 24
        },
        "end": {
          "line": 13,
          "column": 34
        }
      },
      "3": {
        "start": {
          "line": 14,
          "column": 24
        },
        "end": {
          "line": 14,
          "column": 51
        }
      },
      "4": {
        "start": {
          "line": 15,
          "column": 4
        },
        "end": {
          "line": 15,
          "column": 62
        }
      },
      "5": {
        "start": {
          "line": 16,
          "column": 4
        },
        "end": {
          "line": 16,
          "column": 31
        }
      },
      "6": {
        "start": {
          "line": 19,
          "column": 4
        },
        "end": {
          "line": 19,
          "column": 33
        }
      },
      "7": {
        "start": {
          "line": 20,
          "column": 4
        },
        "end": {
          "line": 20,
          "column": 24
        }
      },
      "8": {
        "start": {
          "line": 23,
          "column": 18
        },
        "end": {
          "line": 23,
          "column": 23
        }
      },
      "9": {
        "start": {
          "line": 24,
          "column": 4
        },
        "end": {
          "line": 24,
          "column": 27
        }
      }
    },
    "fnMap": {
      "0": {
        "name": "(anonymous_0)",
        "decl": {
          "start": {
            "line": 10,
            "column": 28
          },
          "end": {
            "line": 10,
            "column": 29
          }
        },
        "loc": {
          "start": {
            "line": 10,
            "column": 43
          },
          "end": {
            "line": 26,
            "column": 1
          }
        },
        "line": 10
      },
      "1": {
        "name": "(anonymous_1)",
        "decl": {
          "start": {
            "line": 12,
            "column": 11
          },
          "end": {
            "line": 12,
            "column": 12
          }
        },
        "loc": {
          "start": {
            "line": 12,
            "column": 21
          },
          "end": {
            "line": 17,
            "column": 3
          }
        },
        "line": 12
      },
      "2": {
        "name": "(anonymous_2)",
        "decl": {
          "start": {
            "line": 18,
            "column": 13
          },
          "end": {
            "line": 18,
            "column": 14
          }
        },
        "loc": {
          "start": {
            "line": 18,
            "column": 19
          },
          "end": {
            "line": 21,
            "column": 3
          }
        },
        "line": 18
      },
      "3": {
        "name": "(anonymous_3)",
        "decl": {
          "start": {
            "line": 22,
            "column": 11
          },
          "end": {
            "line": 22,
            "column": 12
          }
        },
        "loc": {
          "start": {
            "line": 22,
            "column": 17
          },
          "end": {
            "line": 25,
            "column": 3
          }
        },
        "line": 22
      }
    },
    "branchMap": {
      "0": {
        "loc": {
          "start": {
            "line": 11,
            "column": 8
          },
          "end": {
            "line": 11,
            "column": 56
          }
        },
        "type": "binary-expr",
        "locations": [
          {
            "start": {
              "line": 11,
              "column": 8
            },
            "end": {
              "line": 11,
              "column": 48
            }
          },
          {
            "start": {
              "line": 11,
              "column": 52
            },
            "end": {
              "line": 11,
              "column": 56
            }
          }
        ],
        "line": 11
      }
    },
    "s": {
      "0": 4,
      "1": 4,
      "2": 0,
      "3": 0,
      "4": 0,
      "5": 0,
      "6": 0,
      "7": 0,
      "8": 0,
      "9": 0
    },
    "f": {
      "0": 4,
      "1": 0,
      "2": 0,
      "3": 0
    },
    "b": {
      "0": [
        4,
        4
      ]
    },
    "_coverageSchema": "1a1c01bbd47fc00a2c39e90264f33305004495a9",
    "hash": "68aedd599c622e4ac45ae0042eba91f8459c00da"
  },
  "/Users/raghammer/Desktop/COMP3900/capstone-project-3900f18ahexahunks/frontend/src/auth/Login/LoginInputs.js": {
    "path": "/Users/raghammer/Desktop/COMP3900/capstone-project-3900f18ahexahunks/frontend/src/auth/Login/LoginInputs.js",
    "statementMap": {
      "0": {
        "start": {
          "line": 12,
          "column": 20
        },
        "end": {
          "line": 101,
          "column": 1
        }
      },
      "1": {
        "start": {
          "line": 13,
          "column": 28
        },
        "end": {
          "line": 13,
          "column": 40
        }
      },
      "2": {
        "start": {
          "line": 14,
          "column": 34
        },
        "end": {
          "line": 14,
          "column": 46
        }
      },
      "3": {
        "start": {
          "line": 16,
          "column": 32
        },
        "end": {
          "line": 16,
          "column": 47
        }
      },
      "4": {
        "start": {
          "line": 17,
          "column": 24
        },
        "end": {
[...]
            "line": 34,
            "column": 3
          }
        },
        "line": 21
      },
      "3": {
        "name": "(anonymous_3)",
        "decl": {
          "start": {
            "line": 22,
            "column": 30
          },
          "end": {
            "line": 22,
            "column": 31
          }
        },
        "loc": {
          "start": {
            "line": 22,
            "column": 36
          },
          "end": {
            "line": 24,
            "column": 5
          }
        },
        "line": 22
      },
      "4": {
        "name": "(anonymous_4)",
        "decl": {
          "start": {
            "line": 23,
            "column": 19
          },
          "end": {
            "line": 23,
            "column": 20
          }
        },
        "loc": {
          "start": {
            "line": 23,
            "column": 38
          },
          "end": {
            "line": 23,
            "column": 55
          }
        },
        "line": 23
      },
      "5": {
        "name": "(anonymous_5)",
        "decl": {
          "start": {
            "line": 26,
            "column": 39
          },
          "end": {
            "line": 26,
            "column": 40
          }
        },
        "loc": {
          "start": {
            "line": 26,
            "column": 45
          },
          "end": {
            "line": 28,
            "column": 5
          }
        },
        "line": 26
      },
      "6": {
        "name": "(anonymous_6)",
        "decl": {
          "start": {
            "line": 30,
            "column": 11
          },
          "end": {
            "line": 30,
            "column": 12
          }
        },
        "loc": {
          "start": {
            "line": 30,
            "column": 17
          },
          "end": {
            "line": 33,
            "column": 5
          }
        },
        "line": 30
      },
      "7": {
        "name": "(anonymous_7)",
        "decl": {
          "start": {
            "line": 51,
            "column": 17
          },
          "end": {
            "line": 51,
            "column": 18
          }
        },
        "loc": {
          "start": {
            "line": 51,
            "column": 23
          },
          "end": {
            "line": 51,
            "column": 50
          }
        },
        "line": 51
      }
    },
    "branchMap": {},
    "s": {
      "0": 4,
      "1": 0,
      "2": 4,
      "3": 0,
      "4": 0,
      "5": 0,
      "6": 0,
      "7": 0,
      "8": 0,
      "9": 0,
      "10": 0,
      "11": 0,
      "12": 0,
      "13": 0,
      "14": 0,
      "15": 0
    },
    "f": {
      "0": 0,
      "1": 0,
      "2": 0,
      "3": 0,
      "4": 0,
      "5": 0,
      "6": 0,
      "7": 0
    },
    "b": {},
    "_coverageSchema": "1a1c01bbd47fc00a2c39e90264f33305004495a9",
    "hash": "41e628020382be4c44264555f99d1c91f3a1f094"
  },
  "/Users/raghammer/Desktop/COMP3900/capstone-project-3900f18ahexahunks/frontend/src/FileManagerDashboard/FileManagerDashboard.js": {
    "path": "/Users/raghammer/Desktop/COMP3900/capstone-project-3900f18ahexahunks/frontend/src/FileManagerDashboard/FileManagerDashboard.js",
    "statementMap": {
      "0": {
        "start": {
          "line": 6,
          "column": 29
        },
        "end": {
          "line": 25,
          "column": 1
        }
      },
      "1": {
        "start": {
          "line": 7,
          "column": 26
        },
        "end": {
          "line": 7,
          "column": 37
        }
      },
      "2": {
        "start": {
          "line": 12,
          "column": 27
        },
        "end": {
          "line": 12,
          "column": 79
        }
      },
      "3": {
        "start": {
          "line": 12,
          "column": 56
        },
        "end": {
          "line": 12,
          "column": 78
        }
      },
      "4": {
        "start": {
          "line": 14,
          "column": 2
        },
        "end": {
          "line": 17,
          "column": 5
        }
      },
      "5": {
        "start": {
          "line": 15,
          "column": 16
        },
        "end": {
          "line": 15,
          "column": 34
        }
      },
      "6": {
        "start": {
          "line": 16,
          "column": 4
        },
        "end": {
          "line": 16,
          "column": 36
        }
      },
      "7": {
        "start": {
          "line": 19,
          "column": 2
        },
        "end": {
          "line": 24,
          "column": 4
        }
      }
    },
    "fnMap": {
      "0": {
        "name": "(anonymous_0)",
        "decl": {
          "start": {
            "line": 6,
            "column": 29
          },
          "end": {
            "line": 6,
            "column": 30
          }
        },
        "loc": {
          "start": {
            "line": 6,
            "column": 35
          },
          "end": {
            "line": 25,
            "column": 1
          }
        },
        "line": 6
      },
      "1": {
        "name": "(anonymous_1)",
        "decl": {
          "start": {
            "line": 12,
            "column": 45
          },
          "end": {
            "line": 12,
            "column": 46
          }
        },
        "loc": {
          "start": {
            "line": 12,
            "column": 56
          },
          "end": {
            "line": 12,
            "column": 78
          }
        },
        "line": 12
      },
      "2": {
        "name": "(anonymous_2)",
        "decl": {
          "start": {
            "line": 14,
            "column": 12
          },
          "end": {
            "line": 14,
            "column": 13
          }
        },
        "loc": {
          "start": {
            "line": 14,
            "column": 18
          },
          "end": {
            "line": 17,
            "column": 3
          }
        },
        "line": 14
      }
    },
    "branchMap": {},
    "s": {
      "0": 4,
      "1": 0,
      "2": 0,
      "3": 0,
      "4": 0,
      "5": 0,
      "6": 0,
      "7": 0
    },
    "f": {
      "0": 0,
      "1": 0,
      "2": 0
    },
    "b": {},
    "_coverageSchema": "1a1c01bbd47fc00a2c39e90264f33305004495a9",
    "hash": "925e7d38acc3b4ab4b4ca955a8126e02986a35e6"
  },
  "/Users/raghammer/Desktop/COMP3900/capstone-project-3900f18ahexahunks/frontend/src/auth/Login/ResetPassword.js": {
    "path": "/Users/raghammer/Desktop/COMP3900/capstone-project-3900f18ahexahunks/frontend/src/auth/Login/ResetPassword.js",
    "statementMap": {
      "0": {
        "start": {
          "line": 15,
          "column": 22
        },
        "end": {
          "line": 23,
          "column": 3
        }
      },
      "1": {
        "start": {
          "line": 15,
          "column": 52
        },
        "end": {
          "line": 23,
          "column": 1
        }
      },
      "2": {
        "start": {
          "line": 25,
          "column": 21
        },
        "end": {
          "line": 32,
          "column": 3
        }
      },
      "3": {
        "start": {
          "line": 25,
          "column": 52
        },
        "end": {
          "line": 32,
          "column": 1
        }
      },
      "4": {
        "start": {
          "line": 34,
          "column": 22
        },
        "end": {
          "line": 109,
          "column": 1
        }
      },
      "5": {
        "start": {
          "line": 35,
          "column": 34
        },
        "end": {
          "line": 35,
          "column": 46
        }
      },
      "6": {
        "start": {
          "line": 36,
          "column": 48
        },
        "end": {
          "line": 36,
          "column": 60
        }
      },
      "7": {
        "start": {
          "line": 37,
          "column": 20
        },
        "end": {
          "line": 37,
          "column": 31
        }
      },
      "8": {
        "start": {
          "line": 38,
          "column": 19
        },
        "end": {
          "line": 38,
          "column": 32
        }
      },
      "9": {
        "start": {
          "line": 39,
          "column": 24
        },
        "end": {
          "line": 39,
          "column": 34
        }
      },
      "10": {
        "start": {
          "line": 41,
          "column": 2
        },
        "end": {
          "line": 45,
          "column": 24
        }
      },
      "11": {
        "start": {
          "line": 42,
          "column": 4
        },
        "end": {
          "line": 44,
          "column": 5
        }
      },
      "12": {
        "start": {
          "line": 43,
          "column": 6
        },
        "end": {
          "line": 43,
          "column": 20
        }
      },
      "13": {
        "start": {
          "line": 47,
          "column": 23
        },
        "end": {
          "line": 72,
          "column": 3
        }
      },
      "14": {
        "start": {
          "line": 48,
          "column": 4
        },
        "end": {
          "line": 48,
          "column": 23
        }
      },
      "15": {
        "start": {
          "line": 50,
          "column": 4
        },
        "end": {
          "line": 53,
          "column": 5
        }
      },
      "16": {
        "start": {
          "line": 51,
          "column": 6
        },
        "end": {
          "line": 51,
          "column": 52
        }
      },
      "17": {
        "start": {
          "line": 52,
          "column": 6
        },
        "end": {
          "line": 52,
          "column": 13
        }
      },
      "18": {
        "start": {
          "line": 55,
          "column": 4
        },
        "end": {
          "line": 71,
          "column": 5
        }
      },
      "19": {
        "start": {
          "line": 56,
          "column": 23
        },
        "end": {
          "line": 56,
          "column": 76
        }
      },
      "20": {
        "start": {
          "line": 57,
          "column": 6
        },
        "end": {
          "line": 65,
          "column": 7
        }
      },
      "21": {
        "start": {
          "line": 58,
          "column": 8
        },
        "end": {
          "line": 61,
          "column": 10
        }
      },
      "22": {
        "start": {
          "line": 63,
          "column": 8
        },
        "end": {
          "line": 63,
          "column": 58
        }
      },
      "23": {
        "start": {
          "line": 64,
          "column": 8
        },
        "end": {
          "line": 64,
          "column": 27
        }
      },
      "24": {
        "start": {
          "line": 67,
          "column": 6
        },
        "end": {
          "line": 70,
          "column": 8
        }
      },
      "25": {
        "start": {
          "line": 74,
          "column": 2
        },
        "end": {
          "line": 108,
          "column": 4
        }
      },
      "26": {
        "start": {
          "line": 89,
          "column": 29
        },
        "end": {
          "line": 89,
          "column": 56
        }
      },
      "27": {
        "start": {
          "line": 100,
          "column": 29
        },
        "end": {
          "line": 100,
          "column": 63
        }
      }
    },
    "fnMap": {
      "0": {
        "name": "(anonymous_0)",
        "decl": {
          "start": {
            "line": 15,
            "column": 36
          },
          "end": {
            "line": 15,
            "column": 37
          }
        },
        "loc": {
          "start": {
            "line": 15,
            "column": 52
          },
          "end": {
            "line": 23,
            "column": 1
          }
        },
        "line": 15
      },
      "1": {
        "name": "(anonymous_1)",
        "decl": {
          "start": {
            "line": 25,
            "column": 36
          },
          "end": {
            "line": 25,
            "column": 37
          }
        },
        "loc": {
          "start": {
            "line": 25,
            "column": 52
          },
          "end": {
            "line": 32,
            "column": 1
          }
        },
        "line": 25
      },
      "2": {
        "name": "(anonymous_2)",
        "decl": {
          "start": {
            "line": 34,
            "column": 22
          },
          "end": {
            "line": 34,
            "column": 23
          }
        },
        "loc": {
          "start": {
            "line": 34,
            "column": 28
          },
          "end": {
            "line": 109,
            "column": 1
          }
        },
        "line": 34
      },
      "3": {
        "name": "(anonymous_3)",
        "decl": {
          "start": {
            "line": 41,
            "column": 12
          },
          "end": {
            "line": 41,
            "column": 13
          }
        },
        "loc": {
          "start": {
            "line": 41,
            "column": 18
          },
          "end": {
            "line": 45,
            "column": 3
          }
        },
        "line": 41
      },
      "4": {
        "name": "(anonymous_4)",
        "decl": {
          "start": {
            "line": 47,
            "column": 23
          },
          "end": {
            "line": 47,
            "column": 24
          }
        },
        "loc": {
          "start": {
            "line": 47,
            "column": 36
          },
          "end": {
            "line": 72,
            "column": 3
          }
        },
        "line": 47
      },
      "5": {
        "name": "(anonymous_5)",
        "decl": {
          "start": {
            "line": 89,
            "column": 22
          },
          "end": {
            "line": 89,
            "column": 23
          }
        },
        "loc": {
          "start": {
            "line": 89,
            "column": 29
          },
          "end": {
            "line": 89,
            "column": 56
          }
        },
        "line": 89
      },
      "6": {
        "name": "(anonymous_6)",
        "decl": {
          "start": {
            "line": 100,
            "column": 22
          },
          "end": {
            "line": 100,
            "column": 23
          }
        },
        "loc": {
          "start": {
            "line": 100,
            "column": 29
          },
          "end": {
            "line": 100,
            "column": 63
          }
        },
        "line": 100
      }
    },
    "branchMap": {
      "0": {
        "loc": {
          "start": {
            "line": 42,
            "column": 4
          },
          "end": {
            "line": 44,
            "column": 5
          }
        },
        "type": "if",
        "locations": [
          {
            "start": {
              "line": 42,
              "column": 4
            },
            "end": {
              "line": 44,
              "column": 5
            }
          },
          {
            "start": {},
            "end": {}
          }
        ],
        "line": 42
      },
      "1": {
        "loc": {
          "start": {
            "line": 50,
            "column": 4
          },
          "end": {
            "line": 53,
            "column": 5
          }
        },
        "type": "if",
        "locations": [
          {
            "start": {
              "line": 50,
              "column": 4
            },
            "end": {
              "line": 53,
              "column": 5
            }
          },
          {
            "start": {},
            "end": {}
          }
        ],
        "line": 50
      },
      "2": {
        "loc": {
          "start": {
            "line": 57,
            "column": 6
          },
          "end": {
            "line": 65,
            "column": 7
          }
        },
        "type": "if",
        "locations": [
          {
            "start": {
              "line": 57,
              "column": 6
            },
            "end": {
              "line": 65,
              "column": 7
            }
          },
          {
            "start": {
              "line": 62,
              "column": 13
            },
            "end": {
              "line": 65,
              "column": 7
            }
          }
        ],
        "line": 57
      },
      "3": {
        "loc": {
          "start": {
            "line": 59,
            "column": 10
          },
          "end": {
            "line": 59,
            "column": 61
          }
        },
        "type": "binary-expr",
        "locations": [
          {
            "start": {
              "line": 59,
              "column": 10
            },
            "end": {
              "line": 59,
              "column": 31
            }
          },
          {
            "start": {
              "line": 59,
              "column": 35
            },
            "end": {
              "line": 59,
              "column": 61
            }
          }
        ],
        "line": 59
      }
    },
    "s": {
      "0": 4,
      "1": 0,
      "2": 4,
      "3": 0,
      "4": 4,
      "5": 0,
      "6": 0,
      "7": 0,
      "8": 0,
      "9": 0,
      "10": 0,
      "11": 0,
      "12": 0,
      "13": 0,
      "14": 0,
      "15": 0,
      "16": 0,
      "17": 0,
      "18": 0,
      "19": 0,
      "20": 0,
      "21": 0,
      "22": 0,
      "23": 0,
      "24": 0,
      "25": 0,
      "26": 0,
      "27": 0
    },
    "f": {
      "0": 0,
      "1": 0,
      "2": 0,
      "3": 0,
      "4": 0,
      "5": 0,
      "6": 0
    },
    "b": {
      "0": [
        0,
        0
      ],
      "1": [
        0,
        0
      ],
      "2": [
        0,
        0
      ],
      "3": [
        0,
        0
      ]
    },
    "_coverageSchema": "1a1c01bbd47fc00a2c39e90264f33305004495a9",
    "hash": "ff9d307c31af0122eb8883a9cae8e1f750d0346d"
  },
  "/Users/raghammer/Desktop/COMP3900/capstone-project-3900f18ahexahunks/frontend/src/App.js": {
    "path": "/Users/raghammer/Desktop/COMP3900/capstone-project-3900f18ahexahunks/frontend/src/App.js",
    "statementMap": {
      "0": {
        "start": {
          "line": 14,
          "column": 12
        },
        "end": {
          "line": 52,
          "column": 1
        }
      },
      "1": {
        "start": {
          "line": 15,
          "column": 2
        },
        "end": {
          "line": 51,
          "column": 4
        }
      }
    },
    "fnMap": {
      "0": {
        "name": "(anonymous_0)",
        "decl": {
          "start": {
            "line": 14,
            "column": 12
          },
          "end": {
            "line": 14,
            "column": 13
          }
        },
        "loc": {
          "start": {
            "line": 14,
            "column": 18
          },
          "end": {
            "line": 52,
            "column": 1
          }
        },
        "line": 14
      }
    },
    "branchMap": {},
    "s": {
      "0": 4,
      "1": 8
    },
    "f": {
      "0": 8
    },
    "b": {},
    "_coverageSchema": "1a1c01bbd47fc00a2c39e90264f33305004495a9",
    "hash": "e02c323eb3e6a3e0b57495114f00e64258c6b339"
  },
  "/Users/raghammer/Desktop/COMP3900/capstone-project-3900f18ahexahunks/frontend/src/index.js": {
    "path": "/Users/raghammer/Desktop/COMP3900/capstone-project-3900f18ahexahunks/frontend/src/index.js",
    "statementMap": {
      "0": {
        "start": {
          "line": 6,
          "column": 13
        },
        "end": {
          "line": 6,
          "column": 65
        }
      },
      "1": {
        "start": {
          "line": 7,
          "column": 0
        },
        "end": {
          "line": 11,
          "column": 2
        }
      }
    },
    "fnMap": {},
    "branchMap": {},
    "s": {
      "0": 4,
      "1": 4
    },
    "f": {},
    "b": {},
    "_coverageSchema": "1a1c01bbd47fc00a2c39e90264f33305004495a9",
    "hash": "3150c5be082507624df893b693421cd04f7ca038"
  }
}